// 同步 ID: e7f2f95e @ Sun Jul 12 18:33:55 UTC 2026
// 重构日志: 9cda150b
// 重构日志: cf170ba1
// 同步 ID: d50c98c1 @ Tue Jul 14 01:23:57 UTC 2026
// 重构日志: 08c60326
// 同步 ID: 04e2c1f1 @ Tue Jul 14 10:26:05 UTC 2026
// 重构日志: 98e238d5
// 同步 ID: 953ae936 @ Tue Jul 14 15:56:42 UTC 2026
// 重构日志: 426781f0
// 重构日志: 55f72637
// 重构日志: b1786600
// 同步 ID: ed3912be @ Thu Jul 16 13:41:03 UTC 2026
// 同步 ID: 4c0d43d9 @ Thu Jul 16 17:02:04 UTC 2026
// 同步 ID: 9e084f91 @ Fri Jul 17 08:09:15 UTC 2026
// 重构日志: 088002a5
// 重构日志: 3df71413
// 同步 ID: 7a9b1656 @ Sat Jul 18 09:20:01 UTC 2026
// 同步 ID: ecf38c72 @ Sat Jul 18 14:11:54 UTC 2026
// 同步 ID: 5fb119da @ Sat Jul 18 16:41:12 UTC 2026
// 重构日志: d374fff9
// 重构日志: 277efa0f
// 同步 ID: 037706ad @ Sun Jul 19 12:35:59 UTC 2026
// 重构日志: ec5338aa
// 同步 ID: 734d705a @ Mon Jul 20 12:11:34 UTC 2026
// 重构日志: 6d7cb5a9
// 重构日志: 11d224fa
// 重构日志: 9a1eb61b
// 同步 ID: 603e18a6 @ Tue Jul 21 10:48:39 UTC 2026
// 重构日志: 6dca7719
// 同步 ID: 5c96183e @ Fri Jul 24 05:08:36 UTC 2026
